param_set_0.yaml written!
logit: 5.7 seconds elapsed
student predictions written to database
feature importances written to database
row added
DT: 0.62 seconds elapsed
student predictions written to database
feature importances written to database
row added
RF: 4.3 seconds elapsed
student predictions written to database
feature importances written to database
row added
ET: 2.8 seconds elapsed
student predictions written to database
feature importances written to database
row added
AB: 2.1e+01 seconds elapsed
student predictions written to database
feature importances written to database
row added
SVM: 6.4e+01 seconds elapsed
student predictions written to database
feature importances written to database
row added
GB: 6.3 seconds elapsed
student predictions written to database
feature importances written to database
row added
NB: 0.24 seconds elapsed
student predictions written to database
top features not implemented for NB
top features not implemented for NB
row added
SGD: 0.28 seconds elapsed
student predictions written to database
feature importances written to database
row added
KNN: 4.8e+01 seconds elapsed
student predictions written to database
top features not implemented for KNN
top features not implemented for KNN
row added
clf_loop: 2.9e+02 seconds elapsed
param set 0 finished: run for 313.9339303970337 seconds so far
param_set_1.yaml written!
logit: 5.0 seconds elapsed
student predictions written to database
feature importances written to database
row added
DT: 0.59 seconds elapsed
student predictions written to database
feature importances written to database
row added
RF: 3.5 seconds elapsed
student predictions written to database
feature importances written to database
row added
ET: 2.2 seconds elapsed
student predictions written to database
feature importances written to database
row added
AB: 2.1e+01 seconds elapsed
student predictions written to database
feature importances written to database
row added
SVM: 6.9e+01 seconds elapsed
student predictions written to database
feature importances written to database
row added
GB: 6.5 seconds elapsed
student predictions written to database
feature importances written to database
row added
NB: 0.21 seconds elapsed
student predictions written to database
top features not implemented for NB
top features not implemented for NB
row added
SGD: 0.37 seconds elapsed
student predictions written to database
feature importances written to database
row added
KNN: 3.3e+01 seconds elapsed
student predictions written to database
top features not implemented for KNN
top features not implemented for KNN
row added
clf_loop: 2.6e+02 seconds elapsed
param set 1 finished: run for 580.6868493556976 seconds so far
param_set_2.yaml written!
logit: 2.5 seconds elapsed
student predictions written to database
feature importances written to database
row added
DT: 0.39 seconds elapsed
student predictions written to database
feature importances written to database
row added
RF: 2.3 seconds elapsed
student predictions written to database
feature importances written to database
row added
ET: 1.7 seconds elapsed
student predictions written to database
feature importances written to database
row added
AB: 1.3e+01 seconds elapsed
student predictions written to database
feature importances written to database
row added
SVM: 4e+01 seconds elapsed
student predictions written to database
feature importances written to database
row added
GB: 5.6 seconds elapsed
student predictions written to database
feature importances written to database
row added
NB: 0.24 seconds elapsed
student predictions written to database
top features not implemented for NB
top features not implemented for NB
row added
SGD: 0.15 seconds elapsed
student predictions written to database
feature importances written to database
row added
KNN: 2.7e+01 seconds elapsed
student predictions written to database
top features not implemented for KNN
top features not implemented for KNN
row added
clf_loop: 2.7e+02 seconds elapsed
param set 2 finished: run for 854.8643620014191 seconds so far
param_set_3.yaml written!
logit: 0.69 seconds elapsed
student predictions written to database
feature importances written to database
row added
DT: 0.21 seconds elapsed
student predictions written to database
feature importances written to database
row added
RF: 1.4 seconds elapsed
student predictions written to database
feature importances written to database
row added
ET: 1.2 seconds elapsed
student predictions written to database
feature importances written to database
row added
AB: 9.5 seconds elapsed
student predictions written to database
feature importances written to database
row added
SVM: 1.3e+01 seconds elapsed
student predictions written to database
feature importances written to database
row added
GB: 2.0 seconds elapsed
student predictions written to database
feature importances written to database
row added
NB: 0.13 seconds elapsed
student predictions written to database
top features not implemented for NB
top features not implemented for NB
row added
SGD: 0.093 seconds elapsed
student predictions written to database
feature importances written to database
row added
KNN: 1.1e+01 seconds elapsed
student predictions written to database
top features not implemented for KNN
top features not implemented for KNN
row added
clf_loop: 1.3e+02 seconds elapsed
param set 3 finished: run for 984.6646764278412 seconds so far
param_set_4.yaml written!
logit: 7.8 seconds elapsed
student predictions written to database
feature importances written to database
row added
DT: 0.59 seconds elapsed
student predictions written to database
feature importances written to database
row added
RF: 4.2 seconds elapsed
student predictions written to database
feature importances written to database
row added
ET: 2.8 seconds elapsed
student predictions written to database
feature importances written to database
row added
AB: 2.2e+01 seconds elapsed
student predictions written to database
feature importances written to database
row added
SVM: 6.5e+01 seconds elapsed
student predictions written to database
feature importances written to database
row added
GB: 8.4 seconds elapsed
student predictions written to database
feature importances written to database
row added
NB: 0.23 seconds elapsed
student predictions written to database
top features not implemented for NB
top features not implemented for NB
row added
SGD: 0.46 seconds elapsed
student predictions written to database
feature importances written to database
row added
KNN: 5.5e+01 seconds elapsed
student predictions written to database
top features not implemented for KNN
top features not implemented for KNN
row added
clf_loop: 3.4e+02 seconds elapsed
param set 4 finished: run for 1323.3524055480957 seconds so far
param_set_5.yaml written!
logit: 1.2e+01 seconds elapsed
student predictions written to database
feature importances written to database
row added
DT: 0.81 seconds elapsed
student predictions written to database
feature importances written to database
row added
RF: 3.8 seconds elapsed
student predictions written to database
feature importances written to database
row added
ET: 2.3 seconds elapsed
student predictions written to database
feature importances written to database
row added
AB: 2.1e+01 seconds elapsed
student predictions written to database
feature importances written to database
row added
SVM: 5.8e+01 seconds elapsed
student predictions written to database
feature importances written to database
row added
GB: 5.8 seconds elapsed
student predictions written to database
feature importances written to database
row added
NB: 0.28 seconds elapsed
student predictions written to database
top features not implemented for NB
top features not implemented for NB
row added
SGD: 0.4 seconds elapsed
student predictions written to database
feature importances written to database
row added
KNN: 4.6e+01 seconds elapsed
student predictions written to database
top features not implemented for KNN
top features not implemented for KNN
row added
clf_loop: 2.8e+02 seconds elapsed
param set 5 finished: run for 1611.3252665996552 seconds so far
param_set_6.yaml written!
logit: 3.3 seconds elapsed
student predictions written to database
feature importances written to database
row added
DT: 0.4 seconds elapsed
student predictions written to database
feature importances written to database
row added
RF: 2.4 seconds elapsed
student predictions written to database
feature importances written to database
row added
ET: 1.7 seconds elapsed
student predictions written to database
feature importances written to database
row added
AB: 1.3e+01 seconds elapsed
student predictions written to database
feature importances written to database
row added
SVM: 2.9e+01 seconds elapsed
student predictions written to database
feature importances written to database
row added
GB: 3.7 seconds elapsed
student predictions written to database
feature importances written to database
row added
NB: 0.2 seconds elapsed
student predictions written to database
top features not implemented for NB
top features not implemented for NB
row added
SGD: 0.16 seconds elapsed
student predictions written to database
feature importances written to database
row added
KNN: 3.2e+01 seconds elapsed
student predictions written to database
top features not implemented for KNN
top features not implemented for KNN
row added
clf_loop: 2.1e+02 seconds elapsed
param set 6 finished: run for 1821.8061046600342 seconds so far
param_set_7.yaml written!
logit: 1.2 seconds elapsed
student predictions written to database
feature importances written to database
row added
DT: 0.24 seconds elapsed
student predictions written to database
feature importances written to database
row added
RF: 1.4 seconds elapsed
student predictions written to database
feature importances written to database
row added
ET: 1.2 seconds elapsed
student predictions written to database
feature importances written to database
row added
AB: 7.4 seconds elapsed
student predictions written to database
feature importances written to database
row added
SVM: 1.1e+01 seconds elapsed
student predictions written to database
feature importances written to database
row added
GB: 2.1 seconds elapsed
student predictions written to database
feature importances written to database
row added
NB: 0.12 seconds elapsed
student predictions written to database
top features not implemented for NB
top features not implemented for NB
row added
SGD: 0.077 seconds elapsed
student predictions written to database
feature importances written to database
row added
KNN: 1.6e+01 seconds elapsed
student predictions written to database
top features not implemented for KNN
top features not implemented for KNN
row added
clf_loop: 1.6e+02 seconds elapsed
param set 7 finished: run for 1986.7779803276062 seconds so far
param_set_8.yaml written!
logit: 7.0 seconds elapsed
student predictions written to database
feature importances written to database
row added
DT: 0.66 seconds elapsed
student predictions written to database
feature importances written to database
row added
RF: 4.3 seconds elapsed
student predictions written to database
feature importances written to database
row added
ET: 3.0 seconds elapsed
student predictions written to database
feature importances written to database
row added
AB: 2.5e+01 seconds elapsed
student predictions written to database
feature importances written to database
row added
SVM: 1.1e+02 seconds elapsed
student predictions written to database
feature importances written to database
row added
GB: 6.2 seconds elapsed
student predictions written to database
feature importances written to database
row added
NB: 0.25 seconds elapsed
student predictions written to database
top features not implemented for NB
top features not implemented for NB
row added
SGD: 0.43 seconds elapsed
student predictions written to database
feature importances written to database
row added
KNN: 2.2e+01 seconds elapsed
student predictions written to database
top features not implemented for KNN
top features not implemented for KNN
row added
clf_loop: 3e+02 seconds elapsed
param set 8 finished: run for 2286.927442073822 seconds so far
param_set_9.yaml written!
logit: 5.2 seconds elapsed
student predictions written to database
feature importances written to database
row added
DT: 0.91 seconds elapsed
student predictions written to database
feature importances written to database
row added
RF: 3.1 seconds elapsed
student predictions written to database
feature importances written to database
row added
ET: 2.3 seconds elapsed
student predictions written to database
feature importances written to database
row added
AB: 2.4e+01 seconds elapsed
student predictions written to database
feature importances written to database
row added
SVM: 6.9e+01 seconds elapsed
student predictions written to database
feature importances written to database
row added
GB: 6.1 seconds elapsed
student predictions written to database
feature importances written to database
row added
NB: 0.24 seconds elapsed
student predictions written to database
top features not implemented for NB
top features not implemented for NB
row added
SGD: 0.19 seconds elapsed
student predictions written to database
feature importances written to database
row added
KNN: 3.8e+01 seconds elapsed
student predictions written to database
top features not implemented for KNN
top features not implemented for KNN
row added
clf_loop: 2.9e+02 seconds elapsed
param set 9 finished: run for 2580.347671031952 seconds so far
param_set_10.yaml written!
logit: 2.7 seconds elapsed
student predictions written to database
feature importances written to database
row added
DT: 0.49 seconds elapsed
student predictions written to database
feature importances written to database
row added
RF: 2.3 seconds elapsed
student predictions written to database
feature importances written to database
row added
ET: 1.7 seconds elapsed
student predictions written to database
feature importances written to database
row added
AB: 1.5e+01 seconds elapsed
student predictions written to database
feature importances written to database
row added
SVM: 4.4e+01 seconds elapsed
student predictions written to database
feature importances written to database
row added
GB: 3.9 seconds elapsed
student predictions written to database
feature importances written to database
row added
NB: 0.17 seconds elapsed
student predictions written to database
top features not implemented for NB
top features not implemented for NB
row added
SGD: 0.15 seconds elapsed
student predictions written to database
feature importances written to database
row added
KNN: 2.2e+01 seconds elapsed
student predictions written to database
top features not implemented for KNN
top features not implemented for KNN
row added
clf_loop: 2.6e+02 seconds elapsed
param set 10 finished: run for 2844.714966058731 seconds so far
param_set_11.yaml written!
logit: 1.3 seconds elapsed
student predictions written to database
feature importances written to database
row added
DT: 0.32 seconds elapsed
student predictions written to database
feature importances written to database
row added
RF: 1.4 seconds elapsed
student predictions written to database
feature importances written to database
row added
ET: 1.2 seconds elapsed
student predictions written to database
feature importances written to database
row added
AB: 8.2 seconds elapsed
student predictions written to database
feature importances written to database
row added
SVM: 2.6e+01 seconds elapsed
student predictions written to database
feature importances written to database
row added
GB: 2.1 seconds elapsed
student predictions written to database
feature importances written to database
row added
NB: 0.12 seconds elapsed
student predictions written to database
top features not implemented for NB
top features not implemented for NB
row added
SGD: 0.075 seconds elapsed
student predictions written to database
feature importances written to database
row added
KNN: 9.1 seconds elapsed
student predictions written to database
top features not implemented for KNN
top features not implemented for KNN
row added
clf_loop: 2.7e+02 seconds elapsed
param set 11 finished: run for 3121.758471250534 seconds so far
param_set_12.yaml written!
logit: 7.1 seconds elapsed
student predictions written to database
feature importances written to database
row added
DT: 0.6 seconds elapsed
student predictions written to database
feature importances written to database
row added
RF: 4.0 seconds elapsed
student predictions written to database
feature importances written to database
row added
ET: 2.8 seconds elapsed
student predictions written to database
feature importances written to database
row added
AB: 2.4e+01 seconds elapsed
student predictions written to database
feature importances written to database
row added
SVM: 6.3e+01 seconds elapsed
student predictions written to database
feature importances written to database
row added
GB: 6.4 seconds elapsed
student predictions written to database
feature importances written to database
row added
NB: 0.23 seconds elapsed
student predictions written to database
top features not implemented for NB
top features not implemented for NB
row added
SGD: 0.27 seconds elapsed
student predictions written to database
feature importances written to database
row added
KNN: 5.5e+01 seconds elapsed
student predictions written to database
top features not implemented for KNN
top features not implemented for KNN
row added
clf_loop: 4.8e+02 seconds elapsed
param set 12 finished: run for 3604.661036491394 seconds so far
param_set_13.yaml written!
logit: 8.1 seconds elapsed
student predictions written to database
feature importances written to database
row added
DT: 0.63 seconds elapsed
student predictions written to database
feature importances written to database
row added
RF: 4.0 seconds elapsed
student predictions written to database
feature importances written to database
row added
ET: 2.2 seconds elapsed
student predictions written to database
feature importances written to database
row added
AB: 1.9e+01 seconds elapsed
student predictions written to database
feature importances written to database
row added
SVM: 4.8e+01 seconds elapsed
student predictions written to database
feature importances written to database
row added
GB: 7.8 seconds elapsed
student predictions written to database
feature importances written to database
row added
NB: 0.21 seconds elapsed
student predictions written to database
top features not implemented for NB
top features not implemented for NB
row added
SGD: 0.2 seconds elapsed
student predictions written to database
feature importances written to database
row added
KNN: 4.2e+01 seconds elapsed
student predictions written to database
top features not implemented for KNN
top features not implemented for KNN
row added
clf_loop: 4.2e+02 seconds elapsed
param set 13 finished: run for 4024.5471415519714 seconds so far
param_set_14.yaml written!
logit: 4.0 seconds elapsed
student predictions written to database
feature importances written to database
row added
DT: 0.4 seconds elapsed
student predictions written to database
feature importances written to database
row added
RF: 2.4 seconds elapsed
student predictions written to database
feature importances written to database
row added
ET: 1.8 seconds elapsed
student predictions written to database
feature importances written to database
row added
AB: 1.4e+01 seconds elapsed
student predictions written to database
feature importances written to database
row added
SVM: 3.3e+01 seconds elapsed
student predictions written to database
feature importances written to database
row added
GB: 3.8 seconds elapsed
student predictions written to database
feature importances written to database
row added
NB: 0.23 seconds elapsed
student predictions written to database
top features not implemented for NB
top features not implemented for NB
row added
SGD: 0.15 seconds elapsed
student predictions written to database
feature importances written to database
row added
KNN: 3.3e+01 seconds elapsed
student predictions written to database
top features not implemented for KNN
top features not implemented for KNN
row added
clf_loop: 2.3e+02 seconds elapsed
param set 14 finished: run for 4258.864289045334 seconds so far
param_set_15.yaml written!
logit: 1.7 seconds elapsed
student predictions written to database
feature importances written to database
row added
DT: 0.21 seconds elapsed
student predictions written to database
feature importances written to database
row added
RF: 1.4 seconds elapsed
student predictions written to database
feature importances written to database
row added
ET: 1.2 seconds elapsed
student predictions written to database
feature importances written to database
row added
AB: 8.0 seconds elapsed
student predictions written to database
feature importances written to database
row added
SVM: 1e+01 seconds elapsed
student predictions written to database
feature importances written to database
row added
GB: 2.8 seconds elapsed
student predictions written to database
feature importances written to database
row added
NB: 0.11 seconds elapsed
student predictions written to database
top features not implemented for NB
top features not implemented for NB
row added
SGD: 0.077 seconds elapsed
student predictions written to database
feature importances written to database
row added
KNN: 1.2e+01 seconds elapsed
student predictions written to database
top features not implemented for KNN
top features not implemented for KNN
row added
clf_loop: 1.4e+02 seconds elapsed
param set 15 finished: run for 4408.44864320755 seconds so far
param_set_16.yaml written!
logit: 4.4 seconds elapsed
student predictions written to database
feature importances written to database
row added
DT: 0.52 seconds elapsed
student predictions written to database
feature importances written to database
row added
RF: 4.0 seconds elapsed
student predictions written to database
feature importances written to database
row added
ET: 2.8 seconds elapsed
student predictions written to database
feature importances written to database
row added
AB: 2.3e+01 seconds elapsed
student predictions written to database
feature importances written to database
row added
SVM: 3.9e+01 seconds elapsed
student predictions written to database
feature importances written to database
row added
GB: 4.9 seconds elapsed
student predictions written to database
feature importances written to database
row added
NB: 0.21 seconds elapsed
student predictions written to database
top features not implemented for NB
top features not implemented for NB
row added
SGD: 0.36 seconds elapsed
student predictions written to database
feature importances written to database
row added
KNN: 4.7e+01 seconds elapsed
student predictions written to database
top features not implemented for KNN
top features not implemented for KNN
row added
clf_loop: 2.5e+02 seconds elapsed
param set 16 finished: run for 4662.2300572395325 seconds so far
param_set_17.yaml written!
logit: 6.7 seconds elapsed
student predictions written to database
feature importances written to database
row added
DT: 0.72 seconds elapsed
student predictions written to database
feature importances written to database
row added
RF: 2.9 seconds elapsed
student predictions written to database
feature importances written to database
row added
ET: 2.3 seconds elapsed
student predictions written to database
feature importances written to database
row added
AB: 1.9e+01 seconds elapsed
student predictions written to database
feature importances written to database
row added
SVM: 1.4e+01 seconds elapsed
student predictions written to database
feature importances written to database
row added
GB: 4.1 seconds elapsed
student predictions written to database
feature importances written to database
row added
NB: 0.24 seconds elapsed
student predictions written to database
top features not implemented for NB
top features not implemented for NB
row added
SGD: 0.18 seconds elapsed
student predictions written to database
feature importances written to database
row added
KNN: 3.4e+01 seconds elapsed
student predictions written to database
top features not implemented for KNN
top features not implemented for KNN
row added
clf_loop: 2.1e+02 seconds elapsed
param set 17 finished: run for 4872.8018209934235 seconds so far
param_set_18.yaml written!
logit: 3.6 seconds elapsed
student predictions written to database
feature importances written to database
row added
DT: 0.31 seconds elapsed
student predictions written to database
feature importances written to database
row added
RF: 2.2 seconds elapsed
student predictions written to database
feature importances written to database
row added
ET: 1.7 seconds elapsed
student predictions written to database
feature importances written to database
row added
AB: 1.3e+01 seconds elapsed
student predictions written to database
feature importances written to database
row added
SVM: 5.4 seconds elapsed
student predictions written to database
feature importances written to database
row added
GB: 2.5 seconds elapsed
student predictions written to database
feature importances written to database
row added
NB: 0.19 seconds elapsed
student predictions written to database
top features not implemented for NB
top features not implemented for NB
row added
SGD: 0.34 seconds elapsed
student predictions written to database
feature importances written to database
row added
KNN: 2.7e+01 seconds elapsed
student predictions written to database
top features not implemented for KNN
top features not implemented for KNN
row added
clf_loop: 1.6e+02 seconds elapsed
param set 18 finished: run for 5033.119650840759 seconds so far
param_set_19.yaml written!
logit: 3.2 seconds elapsed
student predictions written to database
feature importances written to database
row added
DT: 0.16 seconds elapsed
student predictions written to database
feature importances written to database
row added
RF: 1.4 seconds elapsed
student predictions written to database
feature importances written to database
row added
ET: 1.2 seconds elapsed
student predictions written to database
feature importances written to database
row added
AB: 7.3 seconds elapsed
student predictions written to database
feature importances written to database
row added
SVM: 2.0 seconds elapsed
student predictions written to database
feature importances written to database
row added
GB: 1.3 seconds elapsed
student predictions written to database
feature importances written to database
row added
NB: 0.12 seconds elapsed
student predictions written to database
top features not implemented for NB
top features not implemented for NB
row added
SGD: 0.07 seconds elapsed
student predictions written to database
feature importances written to database
row added
KNN: 1.2e+01 seconds elapsed
student predictions written to database
top features not implemented for KNN
top features not implemented for KNN
row added
clf_loop: 1.5e+02 seconds elapsed
param set 19 finished: run for 5191.4743309021 seconds so far
param_set_20.yaml written!
logit: 7.0 seconds elapsed
student predictions written to database
feature importances written to database
row added
DT: 0.52 seconds elapsed
student predictions written to database
feature importances written to database
row added
RF: 3.5 seconds elapsed
student predictions written to database
feature importances written to database
row added
ET: 2.8 seconds elapsed
student predictions written to database
feature importances written to database
row added
AB: 2.1e+01 seconds elapsed
student predictions written to database
feature importances written to database
row added
SVM: 2.7e+01 seconds elapsed
student predictions written to database
feature importances written to database
row added
GB: 4.4 seconds elapsed
student predictions written to database
feature importances written to database
row added
NB: 0.22 seconds elapsed
student predictions written to database
top features not implemented for NB
top features not implemented for NB
row added
SGD: 0.22 seconds elapsed
student predictions written to database
feature importances written to database
row added
KNN: 5.7e+01 seconds elapsed
student predictions written to database
top features not implemented for KNN
top features not implemented for KNN
row added
clf_loop: 3.1e+02 seconds elapsed
param set 20 finished: run for 5501.152379274368 seconds so far
param_set_21.yaml written!
logit: 1e+01 seconds elapsed
student predictions written to database
feature importances written to database
row added
DT: 0.47 seconds elapsed
student predictions written to database
feature importances written to database
row added
RF: 2.9 seconds elapsed
student predictions written to database
feature importances written to database
row added
ET: 2.2 seconds elapsed
student predictions written to database
feature importances written to database
row added
AB: 1.7e+01 seconds elapsed
student predictions written to database
feature importances written to database
row added
SVM: 1.2e+01 seconds elapsed
student predictions written to database
feature importances written to database
row added
GB: 3.9 seconds elapsed
student predictions written to database
feature importances written to database
row added
NB: 0.24 seconds elapsed
student predictions written to database
top features not implemented for NB
top features not implemented for NB
row added
SGD: 0.18 seconds elapsed
student predictions written to database
feature importances written to database
row added
KNN: 4.4e+01 seconds elapsed
student predictions written to database
top features not implemented for KNN
top features not implemented for KNN
row added
clf_loop: 2.7e+02 seconds elapsed
param set 21 finished: run for 5770.297927379608 seconds so far
param_set_22.yaml written!
logit: 1e+01 seconds elapsed
student predictions written to database
feature importances written to database
row added
DT: 0.36 seconds elapsed
student predictions written to database
feature importances written to database
row added
RF: 2.2 seconds elapsed
student predictions written to database
feature importances written to database
row added
ET: 1.7 seconds elapsed
student predictions written to database
feature importances written to database
row added
AB: 1.5e+01 seconds elapsed
student predictions written to database
feature importances written to database
row added
SVM: 5.1 seconds elapsed
student predictions written to database
feature importances written to database
row added
GB: 2.5 seconds elapsed
student predictions written to database
feature importances written to database
row added
NB: 0.18 seconds elapsed
student predictions written to database
top features not implemented for NB
top features not implemented for NB
row added
SGD: 0.14 seconds elapsed
student predictions written to database
feature importances written to database
row added
KNN: 3e+01 seconds elapsed
student predictions written to database
top features not implemented for KNN
top features not implemented for KNN
row added
clf_loop: 2.6e+02 seconds elapsed
param set 22 finished: run for 6033.038325309753 seconds so far
param_set_23.yaml written!
logit: 2.5 seconds elapsed
student predictions written to database
feature importances written to database
row added
DT: 0.23 seconds elapsed
student predictions written to database
feature importances written to database
row added
RF: 1.4 seconds elapsed
student predictions written to database
feature importances written to database
row added
ET: 1.2 seconds elapsed
student predictions written to database
feature importances written to database
row added
AB: 8.3 seconds elapsed
student predictions written to database
feature importances written to database
row added
SVM: 1.7 seconds elapsed
student predictions written to database
feature importances written to database
row added
GB: 1.4 seconds elapsed
student predictions written to database
feature importances written to database
row added
NB: 0.12 seconds elapsed
student predictions written to database
top features not implemented for NB
top features not implemented for NB
row added
SGD: 0.12 seconds elapsed
student predictions written to database
feature importances written to database
row added
KNN: 1.2e+01 seconds elapsed
student predictions written to database
top features not implemented for KNN
top features not implemented for KNN
row added
clf_loop: 2.5e+02 seconds elapsed
param set 23 finished: run for 6286.843418836594 seconds so far
param_set_24.yaml written!
logit: 4.1 seconds elapsed
student predictions written to database
feature importances written to database
row added
DT: 0.53 seconds elapsed
student predictions written to database
feature importances written to database
row added
RF: 3.7 seconds elapsed
student predictions written to database
feature importances written to database
row added
ET: 2.8 seconds elapsed
student predictions written to database
feature importances written to database
row added
AB: 2e+01 seconds elapsed
student predictions written to database
feature importances written to database
row added
SVM: 9e+01 seconds elapsed
student predictions written to database
feature importances written to database
row added
GB: 5.3 seconds elapsed
student predictions written to database
feature importances written to database
row added
NB: 0.21 seconds elapsed
student predictions written to database
top features not implemented for NB
top features not implemented for NB
row added
SGD: 0.22 seconds elapsed
student predictions written to database
feature importances written to database
row added
KNN: 2.6e+01 seconds elapsed
student predictions written to database
top features not implemented for KNN
top features not implemented for KNN
row added
clf_loop: 4.3e+02 seconds elapsed
param set 24 finished: run for 6720.941073417664 seconds so far
param_set_25.yaml written!
logit: 4.9 seconds elapsed
student predictions written to database
feature importances written to database
row added
DT: 0.46 seconds elapsed
student predictions written to database
feature importances written to database
row added
RF: 3.3 seconds elapsed
student predictions written to database
feature importances written to database
row added
ET: 2.3 seconds elapsed
student predictions written to database
feature importances written to database
row added
AB: 2.4e+01 seconds elapsed
student predictions written to database
feature importances written to database
row added
SVM: 1.4e+01 seconds elapsed
student predictions written to database
feature importances written to database
row added
GB: 3.9 seconds elapsed
student predictions written to database
feature importances written to database
row added
NB: 0.22 seconds elapsed
student predictions written to database
top features not implemented for NB
top features not implemented for NB
row added
SGD: 0.26 seconds elapsed
student predictions written to database
feature importances written to database
row added
KNN: 3.5e+01 seconds elapsed
student predictions written to database
top features not implemented for KNN
top features not implemented for KNN
row added
clf_loop: 2e+02 seconds elapsed
param set 25 finished: run for 6923.835724115372 seconds so far
param_set_26.yaml written!
logit: 4.1 seconds elapsed
student predictions written to database
feature importances written to database
row added
DT: 0.48 seconds elapsed
student predictions written to database
feature importances written to database
row added
RF: 2.3 seconds elapsed
student predictions written to database
feature importances written to database
row added
ET: 1.7 seconds elapsed
student predictions written to database
feature importances written to database
row added
AB: 1.5e+01 seconds elapsed
student predictions written to database
feature importances written to database
row added
SVM: 5.7 seconds elapsed
student predictions written to database
feature importances written to database
row added
GB: 2.6 seconds elapsed
student predictions written to database
feature importances written to database
row added
NB: 0.18 seconds elapsed
student predictions written to database
top features not implemented for NB
top features not implemented for NB
row added
SGD: 0.2 seconds elapsed
student predictions written to database
feature importances written to database
row added
KNN: 2.4e+01 seconds elapsed
student predictions written to database
top features not implemented for KNN
top features not implemented for KNN
row added
clf_loop: 1.4e+02 seconds elapsed
param set 26 finished: run for 7067.655602455139 seconds so far
param_set_27.yaml written!
logit: 1.2 seconds elapsed
student predictions written to database
feature importances written to database
row added
DT: 0.16 seconds elapsed
student predictions written to database
feature importances written to database
row added
RF: 1.4 seconds elapsed
student predictions written to database
feature importances written to database
row added
ET: 1.2 seconds elapsed
student predictions written to database
feature importances written to database
row added
AB: 7.8 seconds elapsed
student predictions written to database
feature importances written to database
row added
SVM: 1.9 seconds elapsed
student predictions written to database
feature importances written to database
row added
GB: 1.3 seconds elapsed
student predictions written to database
feature importances written to database
row added
NB: 0.11 seconds elapsed
student predictions written to database
top features not implemented for NB
top features not implemented for NB
row added
SGD: 0.091 seconds elapsed
student predictions written to database
feature importances written to database
row added
KNN: 9.0 seconds elapsed
student predictions written to database
top features not implemented for KNN
top features not implemented for KNN
row added
clf_loop: 1.1e+02 seconds elapsed
param set 27 finished: run for 7184.331615924835 seconds so far
param_set_28.yaml written!
{'debug': False, 'write_to_database': True, 'scaling': 'standard', 'test_set_type': 'temporal_cohort', 'cv_scheme': 'leave_cohort_out', 'cv_criterions': ['custom_precision_5', 'custom_precision_10', 'custom_recall_5', 'f1'], 'name': 'param_set_28', 'model_classes': ['logit', 'DT', 'RF', 'ET', 'AB', 'SVM', 'GB', 'NB', 'SGD', 'KNN'], 'imputation': 'mean_plus_dummies', 'random_seed': 1470692901.4674332, 'description': 'Running k-fold cv with grades features', 'cohorts_val': [2012], 'cohorts_test': [2013], 'cohorts_training': range(2007, 2012), 'user': 'ht', 'n_folds': 5, 'features': {'snapshots': ['disadvantagement*', 'disability*', 'district*', 'gifted*', 'iss*', 'oss*', 'limited_english*', 'special_ed*', 'status*', 'days_absent*', 'days_absent_excused*', 'days_absent_unexcused*', 'days_present*', 'discipline_incidents*', 'section_504_plan*'], 'absence': ['absence*', 'absence_unexcused*', 'tardy*', 'tardy_unexcused*', 'medical*', 'absence_consec*', 'tardy_consec*'], 'oaa_normalized': ['third_read_normalized', 'third_read_percentile', 'third_read_pl', 'third_math_normalized', 'third_math_percentile', 'third_math_pl', 'fourth_read_normalized', 'fourth_read_percentile', 'fourth_read_pl', 'fourth_math_normalized', 'fourth_math_percentile', 'fourth_math_pl', 'fifth_read_normalized', 'fifth_read_percentile', 'fifth_read_pl', 'fifth_math_normalized', 'fifth_math_percentile', 'fifth_math_pl', 'fifth_socstudies_normalized', 'fifth_socstudies_pl', 'fifth_science_normalized', 'fifth_science_percentile', 'fifth_science_pl', 'sixth_read_normalized', 'sixth_read_percentile', 'sixth_read_pl', 'sixth_math_normalized', 'sixth_math_percentile', 'sixth_math_pl', 'seventh_read_normalized', 'seventh_read_percentile', 'seventh_read_pl', 'seventh_math_normalized', 'seventh_math_percentile', 'seventh_math_pl', 'eighth_read_normalized', 'eighth_read_percentile', 'eighth_read_pl', 'eighth_math_normalized', 'eighth_math_percentile', 'eighth_math_pl', 'eighth_science_normalized', 'eighth_science_percentile', 'eighth_science_pl'], 'demographics': ['ethnicity', 'gender'], 'mobility': ['n_addresses_to*', 'n_districts_to*', 'n_cities_to*', 'n_records_to*', 'avg_address_change_to*', 'avg_district_change_to*', 'avg_city_change_to*', 'street_transition_in*', 'district_transition_in*', 'city_transition_in*', 'mid_year_withdraw*'], 'grades': ['gpa*', 'language_gpa*', 'stem_gpa*', 'humanities_gpa*', 'art_gpa*', 'health_gpa*', 'future_prep_gpa*', 'interventions_gpa*', 'language_gpa*', 'num_language_classes*', 'num_stem_classes*', 'num_humanities_classes*', 'num_art_classes*', 'num_health_classes*', 'num_future_prep_classes*', 'num_interventions_classes*', 'num_language_classes*', 'percent_passed_pf_classes*', 'num_pf_classes*', 'gpa_district*']}, 'outcome': 'is_dropout', 'prediction_grade': 10, 'batch_name': 'all_features_08_08_2016', 'feature_grade_range': range(9, 10)}
batch all_features_08_08_2016: 7.2e+03 seconds elapsed
