08_09_2016_grade_6_param_set_0.yaml written!
logit: 0.29 seconds elapsed
student predictions written to database
feature importances written to database
row added
logit: 0.33 seconds elapsed
student predictions written to database
feature importances written to database
row added
logit: 0.48 seconds elapsed
student predictions written to database
feature importances written to database
row added
logit: 0.44 seconds elapsed
student predictions written to database
feature importances written to database
row added
logit: 1.1 seconds elapsed
student predictions written to database
feature importances written to database
row added
logit: 0.65 seconds elapsed
student predictions written to database
feature importances written to database
row added
logit: 3.5 seconds elapsed
student predictions written to database
feature importances written to database
row added
logit: 0.67 seconds elapsed
student predictions written to database
feature importances written to database
row added
logit: 1.2e+01 seconds elapsed
student predictions written to database
feature importances written to database
row added
logit: 0.95 seconds elapsed
student predictions written to database
feature importances written to database
row added
logit: 1.4e+01 seconds elapsed
student predictions written to database
feature importances written to database
row added
logit: 1.0 seconds elapsed
student predictions written to database
feature importances written to database
row added
DT: 0.051 seconds elapsed
student predictions written to database
feature importances written to database
row added
DT: 0.078 seconds elapsed
student predictions written to database
feature importances written to database
row added
DT: 0.046 seconds elapsed
student predictions written to database
feature importances written to database
row added
DT: 0.049 seconds elapsed
student predictions written to database
feature importances written to database
row added
DT: 0.068 seconds elapsed
student predictions written to database
feature importances written to database
row added
DT: 0.048 seconds elapsed
student predictions written to database
feature importances written to database
row added
DT: 0.052 seconds elapsed
student predictions written to database
feature importances written to database
row added
DT: 0.053 seconds elapsed
student predictions written to database
feature importances written to database
row added
DT: 0.047 seconds elapsed
student predictions written to database
feature importances written to database
row added
DT: 0.05 seconds elapsed
student predictions written to database
feature importances written to database
row added
DT: 0.05 seconds elapsed
student predictions written to database
feature importances written to database
row added
DT: 0.051 seconds elapsed
student predictions written to database
feature importances written to database
row added
DT: 0.067 seconds elapsed
student predictions written to database
feature importances written to database
row added
DT: 0.054 seconds elapsed
student predictions written to database
feature importances written to database
row added
DT: 0.086 seconds elapsed
student predictions written to database
feature importances written to database
row added
DT: 0.072 seconds elapsed
student predictions written to database
feature importances written to database
row added
DT: 0.057 seconds elapsed
student predictions written to database
feature importances written to database
row added
DT: 0.052 seconds elapsed
student predictions written to database
feature importances written to database
row added
DT: 0.071 seconds elapsed
student predictions written to database
feature importances written to database
row added
DT: 0.064 seconds elapsed
student predictions written to database
feature importances written to database
row added
DT: 0.063 seconds elapsed
student predictions written to database
feature importances written to database
row added
DT: 0.059 seconds elapsed
student predictions written to database
feature importances written to database
row added
DT: 0.07 seconds elapsed
student predictions written to database
feature importances written to database
row added
DT: 0.056 seconds elapsed
student predictions written to database
feature importances written to database
row added
DT: 0.06 seconds elapsed
student predictions written to database
feature importances written to database
row added
DT: 0.06 seconds elapsed
student predictions written to database
feature importances written to database
row added
DT: 0.058 seconds elapsed
student predictions written to database
feature importances written to database
row added
DT: 0.075 seconds elapsed
student predictions written to database
feature importances written to database
row added
DT: 0.087 seconds elapsed
student predictions written to database
feature importances written to database
row added
DT: 0.059 seconds elapsed
student predictions written to database
feature importances written to database
row added
DT: 0.086 seconds elapsed
student predictions written to database
feature importances written to database
row added
DT: 0.069 seconds elapsed
student predictions written to database
feature importances written to database
row added
DT: 0.07 seconds elapsed
student predictions written to database
feature importances written to database
row added
DT: 0.051 seconds elapsed
student predictions written to database
feature importances written to database
row added
DT: 0.06 seconds elapsed
student predictions written to database
feature importances written to database
row added
DT: 0.069 seconds elapsed
student predictions written to database
feature importances written to database
row added
DT: 0.068 seconds elapsed
student predictions written to database
feature importances written to database
row added
DT: 0.055 seconds elapsed
student predictions written to database
feature importances written to database
row added
DT: 0.05 seconds elapsed
student predictions written to database
feature importances written to database
row added
DT: 0.049 seconds elapsed
student predictions written to database
feature importances written to database
row added
DT: 0.055 seconds elapsed
student predictions written to database
feature importances written to database
row added
DT: 0.059 seconds elapsed
student predictions written to database
feature importances written to database
row added
DT: 0.063 seconds elapsed
student predictions written to database
feature importances written to database
row added
DT: 0.047 seconds elapsed
student predictions written to database
feature importances written to database
row added
DT: 0.058 seconds elapsed
student predictions written to database
feature importances written to database
row added
DT: 0.057 seconds elapsed
student predictions written to database
feature importances written to database
row added
DT: 0.049 seconds elapsed
student predictions written to database
feature importances written to database
row added
DT: 0.051 seconds elapsed
student predictions written to database
feature importances written to database
row added
DT: 0.066 seconds elapsed
student predictions written to database
feature importances written to database
row added
DT: 0.06 seconds elapsed
student predictions written to database
feature importances written to database
row added
DT: 0.068 seconds elapsed
student predictions written to database
feature importances written to database
row added
DT: 0.064 seconds elapsed
student predictions written to database
feature importances written to database
row added
DT: 0.057 seconds elapsed
student predictions written to database
feature importances written to database
row added
DT: 0.06 seconds elapsed
student predictions written to database
feature importances written to database
row added
DT: 0.075 seconds elapsed
student predictions written to database
feature importances written to database
row added
DT: 0.083 seconds elapsed
student predictions written to database
feature importances written to database
row added
DT: 0.065 seconds elapsed
student predictions written to database
feature importances written to database
row added
DT: 0.057 seconds elapsed
student predictions written to database
feature importances written to database
row added
DT: 0.064 seconds elapsed
student predictions written to database
feature importances written to database
row added
DT: 0.06 seconds elapsed
student predictions written to database
feature importances written to database
row added
DT: 0.064 seconds elapsed
student predictions written to database
feature importances written to database
row added
DT: 0.074 seconds elapsed
student predictions written to database
feature importances written to database
row added
DT: 0.073 seconds elapsed
student predictions written to database
feature importances written to database
row added
DT: 0.062 seconds elapsed
student predictions written to database
feature importances written to database
row added
DT: 0.058 seconds elapsed
student predictions written to database
feature importances written to database
row added
DT: 0.051 seconds elapsed
student predictions written to database
feature importances written to database
row added
DT: 0.073 seconds elapsed
student predictions written to database
feature importances written to database
row added
DT: 0.082 seconds elapsed
student predictions written to database
feature importances written to database
row added
DT: 0.078 seconds elapsed
student predictions written to database
feature importances written to database
row added
DT: 0.061 seconds elapsed
student predictions written to database
feature importances written to database
row added
DT: 0.058 seconds elapsed
student predictions written to database
feature importances written to database
row added
DT: 0.058 seconds elapsed
student predictions written to database
feature importances written to database
row added
RF: 2e+01 seconds elapsed
student predictions written to database
feature importances written to database
row added
RF: 2.2e+01 seconds elapsed
student predictions written to database
feature importances written to database
row added
RF: 2.3e+01 seconds elapsed
student predictions written to database
feature importances written to database
row added
RF: 2.5e+01 seconds elapsed
student predictions written to database
feature importances written to database
row added
RF: 2.8e+01 seconds elapsed
student predictions written to database
feature importances written to database
row added
RF: 2.8e+01 seconds elapsed
student predictions written to database
feature importances written to database
row added
RF: 2.6e+01 seconds elapsed
student predictions written to database
feature importances written to database
row added
RF: 2.8e+01 seconds elapsed
student predictions written to database
feature importances written to database
row added
RF: 4.5e+01 seconds elapsed
student predictions written to database
feature importances written to database
row added
RF: 4.8e+01 seconds elapsed
student predictions written to database
feature importances written to database
row added
RF: 4e+01 seconds elapsed
student predictions written to database
feature importances written to database
row added
RF: 4.1e+01 seconds elapsed
student predictions written to database
feature importances written to database
row added
RF: 4.5e+01 seconds elapsed
student predictions written to database
feature importances written to database
row added
RF: 4.3e+01 seconds elapsed
student predictions written to database
feature importances written to database
row added
RF: 3.9e+01 seconds elapsed
student predictions written to database
feature importances written to database
row added
RF: 3.7e+01 seconds elapsed
student predictions written to database
feature importances written to database
row added
ET: 4.1e+01 seconds elapsed
student predictions written to database
feature importances written to database
row added
ET: 4.1e+01 seconds elapsed
student predictions written to database
feature importances written to database
row added
ET: 3.9e+01 seconds elapsed
student predictions written to database
feature importances written to database
row added
ET: 3.6e+01 seconds elapsed
student predictions written to database
feature importances written to database
row added
ET: 4.3e+01 seconds elapsed
student predictions written to database
feature importances written to database
row added
ET: 3.6e+01 seconds elapsed
student predictions written to database
feature importances written to database
row added
ET: 3.9e+01 seconds elapsed
student predictions written to database
feature importances written to database
row added
ET: 3.6e+01 seconds elapsed
student predictions written to database
feature importances written to database
row added
ET: 4.2e+01 seconds elapsed
student predictions written to database
feature importances written to database
row added
ET: 3.7e+01 seconds elapsed
student predictions written to database
feature importances written to database
row added
ET: 4e+01 seconds elapsed
student predictions written to database
feature importances written to database
row added
ET: 3.6e+01 seconds elapsed
student predictions written to database
feature importances written to database
row added
ET: 4.3e+01 seconds elapsed
student predictions written to database
feature importances written to database
row added
ET: 3.9e+01 seconds elapsed
student predictions written to database
feature importances written to database
row added
ET: 3.9e+01 seconds elapsed
student predictions written to database
feature importances written to database
row added
ET: 3.7e+01 seconds elapsed
student predictions written to database
feature importances written to database
row added
SVM: 2.7 seconds elapsed
student predictions written to database
feature importances written to database
row added
SVM: 2.4 seconds elapsed
student predictions written to database
feature importances written to database
row added
SVM: 2.8 seconds elapsed
student predictions written to database
feature importances written to database
row added
SVM: 3.6 seconds elapsed
student predictions written to database
feature importances written to database
row added
GB: 2.9e+01 seconds elapsed
student predictions written to database
feature importances written to database
row added
GB: 1.7e+01 seconds elapsed
student predictions written to database
feature importances written to database
row added
GB: 8.2e+01 seconds elapsed
student predictions written to database
feature importances written to database
row added
GB: 8.9e+01 seconds elapsed
student predictions written to database
feature importances written to database
row added
GB: 3.9e+02 seconds elapsed
student predictions written to database
feature importances written to database
row added
GB: 4.6e+02 seconds elapsed
student predictions written to database
feature importances written to database
row added
GB: 6.9e+02 seconds elapsed
student predictions written to database
feature importances written to database
row added
GB: 4.9e+02 seconds elapsed
student predictions written to database
feature importances written to database
row added
GB: 1.9e+01 seconds elapsed
student predictions written to database
feature importances written to database
row added
GB: 1.5e+01 seconds elapsed
student predictions written to database
feature importances written to database
row added
GB: 5.5e+01 seconds elapsed
student predictions written to database
feature importances written to database
row added
GB: 4.8e+01 seconds elapsed
student predictions written to database
feature importances written to database
row added
GB: 2.8e+02 seconds elapsed
student predictions written to database
feature importances written to database
row added
GB: 4e+02 seconds elapsed
student predictions written to database
feature importances written to database
row added
GB: 4.8e+02 seconds elapsed
student predictions written to database
feature importances written to database
row added
GB: 3.3e+02 seconds elapsed
student predictions written to database
feature importances written to database
row added
GB: 2e+01 seconds elapsed
student predictions written to database
feature importances written to database
row added
GB: 1.4e+01 seconds elapsed
student predictions written to database
feature importances written to database
row added
GB: 5.5e+01 seconds elapsed
student predictions written to database
feature importances written to database
row added
GB: 5.2e+01 seconds elapsed
student predictions written to database
feature importances written to database
row added
GB: 1.3e+02 seconds elapsed
student predictions written to database
feature importances written to database
row added
GB: 1.3e+02 seconds elapsed
student predictions written to database
feature importances written to database
row added
GB: 1.6e+02 seconds elapsed
student predictions written to database
feature importances written to database
row added
GB: 1.4e+02 seconds elapsed
student predictions written to database
feature importances written to database
row added
GB: 2e+01 seconds elapsed
student predictions written to database
feature importances written to database
row added
GB: 1.4e+01 seconds elapsed
student predictions written to database
feature importances written to database
row added
GB: 5.5e+01 seconds elapsed
student predictions written to database
feature importances written to database
row added
GB: 5.2e+01 seconds elapsed
student predictions written to database
feature importances written to database
row added
GB: 7.4e+01 seconds elapsed
student predictions written to database
feature importances written to database
row added
GB: 9.1e+01 seconds elapsed
student predictions written to database
feature importances written to database
row added
GB: 8.7e+01 seconds elapsed
student predictions written to database
feature importances written to database
row added
GB: 1.2e+02 seconds elapsed
student predictions written to database
feature importances written to database
row added
GB: 2e+01 seconds elapsed
student predictions written to database
feature importances written to database
row added
GB: 1.5e+01 seconds elapsed
student predictions written to database
feature importances written to database
row added
GB: 5e+01 seconds elapsed
student predictions written to database
feature importances written to database
row added
GB: 3.3e+01 seconds elapsed
student predictions written to database
feature importances written to database
row added
GB: 9.6e+01 seconds elapsed
student predictions written to database
feature importances written to database
row added
GB: 5.9e+01 seconds elapsed
student predictions written to database
feature importances written to database
row added
GB: 7.5e+01 seconds elapsed
student predictions written to database
feature importances written to database
row added
GB: 8.9e+01 seconds elapsed
student predictions written to database
feature importances written to database
row added
clf_loop: 7.4e+03 seconds elapsed
param set 0 finished: run for 7451.248060703278 seconds so far
08_09_2016_grade_6_param_set_1.yaml written!
logit: 0.36 seconds elapsed
student predictions written to database
feature importances written to database
row added
logit: 0.25 seconds elapsed
student predictions written to database
feature importances written to database
row added
logit: 0.81 seconds elapsed
student predictions written to database
feature importances written to database
row added
logit: 0.28 seconds elapsed
student predictions written to database
feature importances written to database
row added
logit: 1.3 seconds elapsed
student predictions written to database
feature importances written to database
row added
logit: 0.3 seconds elapsed
student predictions written to database
feature importances written to database
row added
logit: 2.4 seconds elapsed
student predictions written to database
feature importances written to database
row added
logit: 0.54 seconds elapsed
student predictions written to database
feature importances written to database
row added
logit: 3.1 seconds elapsed
student predictions written to database
feature importances written to database
row added
logit: 0.74 seconds elapsed
student predictions written to database
feature importances written to database
row added
logit: 2.9 seconds elapsed
student predictions written to database
feature importances written to database
row added
logit: 0.78 seconds elapsed
student predictions written to database
feature importances written to database
row added
DT: 0.12 seconds elapsed
student predictions written to database
feature importances written to database
row added
DT: 0.099 seconds elapsed
student predictions written to database
feature importances written to database
row added
DT: 0.14 seconds elapsed
student predictions written to database
feature importances written to database
row added
DT: 0.13 seconds elapsed
student predictions written to database
feature importances written to database
row added
DT: 0.12 seconds elapsed
student predictions written to database
feature importances written to database
row added
DT: 0.12 seconds elapsed
student predictions written to database
feature importances written to database
row added
DT: 0.14 seconds elapsed
student predictions written to database
feature importances written to database
row added
DT: 0.14 seconds elapsed
student predictions written to database
feature importances written to database
row added
DT: 0.11 seconds elapsed
student predictions written to database
feature importances written to database
row added
DT: 0.14 seconds elapsed
student predictions written to database
feature importances written to database
row added
DT: 0.13 seconds elapsed
student predictions written to database
feature importances written to database
row added
DT: 0.14 seconds elapsed
student predictions written to database
feature importances written to database
row added
DT: 0.14 seconds elapsed
student predictions written to database
feature importances written to database
row added
DT: 0.15 seconds elapsed
student predictions written to database
feature importances written to database
row added
DT: 0.15 seconds elapsed
student predictions written to database
feature importances written to database
row added
DT: 0.13 seconds elapsed
student predictions written to database
feature importances written to database
row added
DT: 0.13 seconds elapsed
student predictions written to database
feature importances written to database
row added
DT: 0.14 seconds elapsed
student predictions written to database
feature importances written to database
row added
DT: 0.15 seconds elapsed
student predictions written to database
feature importances written to database
row added
DT: 0.15 seconds elapsed
student predictions written to database
feature importances written to database
row added
DT: 0.15 seconds elapsed
student predictions written to database
feature importances written to database
row added
DT: 0.13 seconds elapsed
student predictions written to database
feature importances written to database
row added
DT: 0.13 seconds elapsed
student predictions written to database
feature importances written to database
row added
DT: 0.13 seconds elapsed
student predictions written to database
feature importances written to database
row added
DT: 0.14 seconds elapsed
student predictions written to database
feature importances written to database
row added
DT: 0.13 seconds elapsed
student predictions written to database
feature importances written to database
row added
DT: 0.14 seconds elapsed
student predictions written to database
feature importances written to database
row added
DT: 0.13 seconds elapsed
student predictions written to database
feature importances written to database
row added
DT: 0.14 seconds elapsed
student predictions written to database
feature importances written to database
row added
DT: 0.14 seconds elapsed
student predictions written to database
feature importances written to database
row added
DT: 0.14 seconds elapsed
student predictions written to database
feature importances written to database
row added
DT: 0.14 seconds elapsed
student predictions written to database
feature importances written to database
row added
DT: 0.15 seconds elapsed
student predictions written to database
feature importances written to database
row added
DT: 0.15 seconds elapsed
student predictions written to database
feature importances written to database
row added
DT: 0.13 seconds elapsed
student predictions written to database
feature importances written to database
row added
DT: 0.14 seconds elapsed
student predictions written to database
feature importances written to database
row added
DT: 0.13 seconds elapsed
student predictions written to database
feature importances written to database
row added
DT: 0.13 seconds elapsed
student predictions written to database
feature importances written to database
row added
DT: 0.12 seconds elapsed
student predictions written to database
feature importances written to database
row added
DT: 0.13 seconds elapsed
student predictions written to database
feature importances written to database
row added
DT: 0.12 seconds elapsed
student predictions written to database
feature importances written to database
row added
DT: 0.13 seconds elapsed
student predictions written to database
feature importances written to database
row added
DT: 0.14 seconds elapsed
student predictions written to database
feature importances written to database
row added
DT: 0.14 seconds elapsed
student predictions written to database
feature importances written to database
row added
DT: 0.14 seconds elapsed
student predictions written to database
feature importances written to database
row added
DT: 0.13 seconds elapsed
student predictions written to database
feature importances written to database
row added
DT: 0.096 seconds elapsed
student predictions written to database
feature importances written to database
row added
DT: 0.14 seconds elapsed
student predictions written to database
feature importances written to database
row added
DT: 0.14 seconds elapsed
student predictions written to database
feature importances written to database
row added
DT: 0.15 seconds elapsed
student predictions written to database
feature importances written to database
row added
DT: 0.15 seconds elapsed
student predictions written to database
feature importances written to database
row added
DT: 0.073 seconds elapsed
student predictions written to database
feature importances written to database
row added
DT: 0.12 seconds elapsed
student predictions written to database
feature importances written to database
row added
DT: 0.071 seconds elapsed
student predictions written to database
feature importances written to database
row added
DT: 0.11 seconds elapsed
student predictions written to database
feature importances written to database
row added
DT: 0.11 seconds elapsed
student predictions written to database
feature importances written to database
row added
DT: 0.11 seconds elapsed
student predictions written to database
feature importances written to database
row added
DT: 0.073 seconds elapsed
student predictions written to database
feature importances written to database
row added
DT: 0.11 seconds elapsed
student predictions written to database
feature importances written to database
row added
DT: 0.14 seconds elapsed
student predictions written to database
feature importances written to database
row added
DT: 0.15 seconds elapsed
student predictions written to database
feature importances written to database
row added
DT: 0.1 seconds elapsed
student predictions written to database
feature importances written to database
row added
DT: 0.11 seconds elapsed
student predictions written to database
feature importances written to database
row added
DT: 0.13 seconds elapsed
student predictions written to database
feature importances written to database
row added
DT: 0.13 seconds elapsed
student predictions written to database
feature importances written to database
row added
DT: 0.13 seconds elapsed
student predictions written to database
feature importances written to database
row added
DT: 0.14 seconds elapsed
student predictions written to database
feature importances written to database
row added
DT: 0.16 seconds elapsed
student predictions written to database
feature importances written to database
row added
DT: 0.15 seconds elapsed
student predictions written to database
feature importances written to database
row added
DT: 0.14 seconds elapsed
student predictions written to database
feature importances written to database
row added
DT: 0.14 seconds elapsed
student predictions written to database
feature importances written to database
row added
DT: 0.15 seconds elapsed
student predictions written to database
feature importances written to database
row added
RF: 3e+01 seconds elapsed
student predictions written to database
feature importances written to database
row added
RF: 2.6e+01 seconds elapsed
student predictions written to database
feature importances written to database
row added
RF: 2.2e+01 seconds elapsed
student predictions written to database
feature importances written to database
row added
RF: 2.3e+01 seconds elapsed
student predictions written to database
feature importances written to database
row added
RF: 2.5e+01 seconds elapsed
student predictions written to database
feature importances written to database
row added
RF: 2.5e+01 seconds elapsed
student predictions written to database
feature importances written to database
row added
RF: 2.4e+01 seconds elapsed
student predictions written to database
feature importances written to database
row added
RF: 2.4e+01 seconds elapsed
student predictions written to database
feature importances written to database
row added
RF: 2.4e+01 seconds elapsed
student predictions written to database
feature importances written to database
row added
RF: 2.4e+01 seconds elapsed
student predictions written to database
feature importances written to database
row added
RF: 2.5e+01 seconds elapsed
student predictions written to database
feature importances written to database
row added
RF: 2.6e+01 seconds elapsed
student predictions written to database
feature importances written to database
row added
RF: 2.8e+01 seconds elapsed
student predictions written to database
feature importances written to database
row added
RF: 2.7e+01 seconds elapsed
student predictions written to database
feature importances written to database
row added
RF: 2.7e+01 seconds elapsed
student predictions written to database
feature importances written to database
row added
RF: 2.6e+01 seconds elapsed
student predictions written to database
feature importances written to database
row added
ET: 2.8e+01 seconds elapsed
student predictions written to database
feature importances written to database
row added
ET: 2.6e+01 seconds elapsed
student predictions written to database
feature importances written to database
row added
ET: 2.5e+01 seconds elapsed
student predictions written to database
feature importances written to database
row added
ET: 2.5e+01 seconds elapsed
student predictions written to database
feature importances written to database
row added
ET: 2.7e+01 seconds elapsed
student predictions written to database
feature importances written to database
row added
ET: 2.6e+01 seconds elapsed
student predictions written to database
feature importances written to database
row added
ET: 2.6e+01 seconds elapsed
student predictions written to database
feature importances written to database
row added
ET: 2.6e+01 seconds elapsed
student predictions written to database
feature importances written to database
row added
ET: 2.6e+01 seconds elapsed
student predictions written to database
feature importances written to database
row added
ET: 2.7e+01 seconds elapsed
student predictions written to database
feature importances written to database
row added
ET: 2.6e+01 seconds elapsed
student predictions written to database
feature importances written to database
row added
ET: 2.4e+01 seconds elapsed
student predictions written to database
feature importances written to database
row added
ET: 2.7e+01 seconds elapsed
student predictions written to database
feature importances written to database
row added
ET: 2.7e+01 seconds elapsed
student predictions written to database
feature importances written to database
row added
ET: 2.5e+01 seconds elapsed
student predictions written to database
feature importances written to database
row added
ET: 2.7e+01 seconds elapsed
student predictions written to database
feature importances written to database
row added
SVM: 0.47 seconds elapsed
student predictions written to database
feature importances written to database
row added
SVM: 0.47 seconds elapsed
student predictions written to database
feature importances written to database
row added
SVM: 0.66 seconds elapsed
student predictions written to database
feature importances written to database
row added
SVM: 0.58 seconds elapsed
student predictions written to database
feature importances written to database
row added
GB: 1.9e+01 seconds elapsed
student predictions written to database
feature importances written to database
row added
GB: 1.3e+01 seconds elapsed
student predictions written to database
feature importances written to database
row added
GB: 4.7e+01 seconds elapsed
student predictions written to database
feature importances written to database
row added
GB: 4.2e+01 seconds elapsed
student predictions written to database
feature importances written to database
row added
GB: 2.1e+02 seconds elapsed
student predictions written to database
feature importances written to database
row added
GB: 1.7e+02 seconds elapsed
student predictions written to database
feature importances written to database
row added
GB: 3.1e+02 seconds elapsed
student predictions written to database
feature importances written to database
row added
GB: 1.5e+02 seconds elapsed
student predictions written to database
feature importances written to database
row added
GB: 2e+01 seconds elapsed
student predictions written to database
feature importances written to database
row added
GB: 1.4e+01 seconds elapsed
student predictions written to database
feature importances written to database
row added
GB: 5.3e+01 seconds elapsed
student predictions written to database
feature importances written to database
row added
GB: 5e+01 seconds elapsed
student predictions written to database
feature importances written to database
row added
GB: 1.4e+02 seconds elapsed
student predictions written to database
feature importances written to database
row added
GB: 1.1e+02 seconds elapsed
student predictions written to database
feature importances written to database
row added
GB: 1.7e+02 seconds elapsed
student predictions written to database
feature importances written to database
row added
GB: 9.8e+01 seconds elapsed
student predictions written to database
feature importances written to database
row added
GB: 2e+01 seconds elapsed
student predictions written to database
feature importances written to database
row added
GB: 1.4e+01 seconds elapsed
student predictions written to database
feature importances written to database
row added
GB: 5.1e+01 seconds elapsed
student predictions written to database
feature importances written to database
row added
GB: 4.4e+01 seconds elapsed
student predictions written to database
feature importances written to database
row added
GB: 7e+01 seconds elapsed
student predictions written to database
feature importances written to database
row added
GB: 2.6e+01 seconds elapsed
student predictions written to database
feature importances written to database
row added
GB: 7.4e+01 seconds elapsed
student predictions written to database
feature importances written to database
row added
GB: 2.3e+01 seconds elapsed
student predictions written to database
feature importances written to database
row added
GB: 1.9e+01 seconds elapsed
student predictions written to database
feature importances written to database
row added
GB: 1.4e+01 seconds elapsed
student predictions written to database
feature importances written to database
row added
GB: 3.1e+01 seconds elapsed
student predictions written to database
feature importances written to database
row added
GB: 2.4e+01 seconds elapsed
student predictions written to database
feature importances written to database
row added
GB: 3.6e+01 seconds elapsed
student predictions written to database
feature importances written to database
row added
GB: 1.4e+01 seconds elapsed
student predictions written to database
feature importances written to database
row added
GB: 3.6e+01 seconds elapsed
student predictions written to database
feature importances written to database
row added
GB: 1.2e+01 seconds elapsed
student predictions written to database
feature importances written to database
row added
GB: 2e+01 seconds elapsed
student predictions written to database
feature importances written to database
row added
GB: 1.4e+01 seconds elapsed
student predictions written to database
feature importances written to database
row added
GB: 4.4e+01 seconds elapsed
student predictions written to database
feature importances written to database
row added
GB: 6.6 seconds elapsed
student predictions written to database
feature importances written to database
row added
GB: 3.8e+01 seconds elapsed
student predictions written to database
feature importances written to database
row added
GB: 5.0 seconds elapsed
student predictions written to database
feature importances written to database
row added
GB: 4.8e+01 seconds elapsed
student predictions written to database
feature importances written to database
row added
GB: 4.6 seconds elapsed
student predictions written to database
feature importances written to database
row added
clf_loop: 3.8e+03 seconds elapsed
param set 1 finished: run for 11217.504312515259 seconds so far
08_09_2016_grade_6_param_set_2.yaml written!
logit: 0.35 seconds elapsed
student predictions written to database
feature importances written to database
row added
logit: 0.27 seconds elapsed
student predictions written to database
feature importances written to database
row added
logit: 0.73 seconds elapsed
student predictions written to database
feature importances written to database
row added
logit: 0.34 seconds elapsed
student predictions written to database
feature importances written to database
row added
logit: 0.87 seconds elapsed
student predictions written to database
feature importances written to database
row added
logit: 0.34 seconds elapsed
student predictions written to database
feature importances written to database
row added
logit: 1.8 seconds elapsed
student predictions written to database
feature importances written to database
row added
logit: 0.48 seconds elapsed
student predictions written to database
feature importances written to database
row added
logit: 2.2 seconds elapsed
student predictions written to database
feature importances written to database
row added
logit: 0.53 seconds elapsed
student predictions written to database
feature importances written to database
row added
logit: 1.4 seconds elapsed
student predictions written to database
feature importances written to database
row added
logit: 0.66 seconds elapsed
student predictions written to database
feature importances written to database
row added
DT: 0.13 seconds elapsed
student predictions written to database
feature importances written to database
row added
DT: 0.13 seconds elapsed
student predictions written to database
feature importances written to database
row added
DT: 0.13 seconds elapsed
student predictions written to database
feature importances written to database
row added
DT: 0.13 seconds elapsed
student predictions written to database
feature importances written to database
row added
DT: 0.094 seconds elapsed
student predictions written to database
feature importances written to database
row added
DT: 0.078 seconds elapsed
student predictions written to database
feature importances written to database
row added
DT: 0.13 seconds elapsed
student predictions written to database
feature importances written to database
row added
DT: 0.13 seconds elapsed
student predictions written to database
feature importances written to database
row added
DT: 0.13 seconds elapsed
student predictions written to database
feature importances written to database
row added
DT: 0.12 seconds elapsed
student predictions written to database
feature importances written to database
row added
DT: 0.13 seconds elapsed
student predictions written to database
feature importances written to database
row added
DT: 0.13 seconds elapsed
student predictions written to database
feature importances written to database
row added
DT: 0.15 seconds elapsed
student predictions written to database
feature importances written to database
row added
DT: 0.14 seconds elapsed
student predictions written to database
feature importances written to database
row added
DT: 0.13 seconds elapsed
student predictions written to database
feature importances written to database
row added
DT: 0.14 seconds elapsed
student predictions written to database
feature importances written to database
row added
DT: 0.13 seconds elapsed
student predictions written to database
feature importances written to database
row added
DT: 0.097 seconds elapsed
student predictions written to database
feature importances written to database
row added
DT: 0.13 seconds elapsed
student predictions written to database
feature importances written to database
row added
DT: 0.13 seconds elapsed
student predictions written to database
feature importances written to database
row added
DT: 0.13 seconds elapsed
student predictions written to database
feature importances written to database
row added
DT: 0.13 seconds elapsed
student predictions written to database
feature importances written to database
row added
DT: 0.13 seconds elapsed
student predictions written to database
feature importances written to database
row added
DT: 0.12 seconds elapsed
student predictions written to database
feature importances written to database
row added
DT: 0.11 seconds elapsed
student predictions written to database
feature importances written to database
row added
DT: 0.087 seconds elapsed
student predictions written to database
feature importances written to database
row added
DT: 0.14 seconds elapsed
student predictions written to database
feature importances written to database
row added
DT: 0.13 seconds elapsed
student predictions written to database
feature importances written to database
row added
DT: 0.13 seconds elapsed
student predictions written to database
feature importances written to database
row added
DT: 0.13 seconds elapsed
student predictions written to database
feature importances written to database
row added
DT: 0.094 seconds elapsed
student predictions written to database
feature importances written to database
row added
DT: 0.082 seconds elapsed
student predictions written to database
feature importances written to database
row added
DT: 0.15 seconds elapsed
student predictions written to database
feature importances written to database
row added
DT: 0.14 seconds elapsed
student predictions written to database
feature importances written to database
row added
DT: 0.13 seconds elapsed
student predictions written to database
feature importances written to database
row added
DT: 0.091 seconds elapsed
student predictions written to database
feature importances written to database
row added
DT: 0.13 seconds elapsed
student predictions written to database
feature importances written to database
row added
DT: 0.12 seconds elapsed
student predictions written to database
feature importances written to database
row added
DT: 0.13 seconds elapsed
student predictions written to database
feature importances written to database
row added
DT: 0.1 seconds elapsed
student predictions written to database
feature importances written to database
row added
DT: 0.13 seconds elapsed
student predictions written to database
feature importances written to database
row added
DT: 0.12 seconds elapsed
student predictions written to database
feature importances written to database
row added
DT: 0.13 seconds elapsed
student predictions written to database
feature importances written to database
row added
DT: 0.14 seconds elapsed
student predictions written to database
feature importances written to database
row added
DT: 0.13 seconds elapsed
student predictions written to database
feature importances written to database
row added
DT: 0.13 seconds elapsed
student predictions written to database
feature importances written to database
row added
DT: 0.13 seconds elapsed
student predictions written to database
feature importances written to database
row added
DT: 0.068 seconds elapsed
student predictions written to database
feature importances written to database
row added
DT: 0.15 seconds elapsed
student predictions written to database
feature importances written to database
row added
DT: 0.14 seconds elapsed
student predictions written to database
feature importances written to database
row added
DT: 0.14 seconds elapsed
student predictions written to database
feature importances written to database
row added
DT: 0.1 seconds elapsed
student predictions written to database
feature importances written to database
row added
DT: 0.13 seconds elapsed
student predictions written to database
feature importances written to database
row added
DT: 0.13 seconds elapsed
student predictions written to database
feature importances written to database
row added
DT: 0.13 seconds elapsed
student predictions written to database
feature importances written to database
row added
DT: 0.13 seconds elapsed
student predictions written to database
feature importances written to database
row added
DT: 0.14 seconds elapsed
student predictions written to database
feature importances written to database
row added
DT: 0.14 seconds elapsed
student predictions written to database
feature importances written to database
row added
DT: 0.13 seconds elapsed
student predictions written to database
feature importances written to database
row added
DT: 0.13 seconds elapsed
student predictions written to database
feature importances written to database
row added
DT: 0.14 seconds elapsed
student predictions written to database
feature importances written to database
row added
DT: 0.13 seconds elapsed
student predictions written to database
feature importances written to database
row added
DT: 0.14 seconds elapsed
student predictions written to database
feature importances written to database
row added
DT: 0.13 seconds elapsed
student predictions written to database
feature importances written to database
row added
DT: 0.13 seconds elapsed
student predictions written to database
feature importances written to database
row added
DT: 0.13 seconds elapsed
student predictions written to database
feature importances written to database
row added
DT: 0.081 seconds elapsed
student predictions written to database
feature importances written to database
row added
DT: 0.14 seconds elapsed
student predictions written to database
feature importances written to database
row added
DT: 0.13 seconds elapsed
student predictions written to database
feature importances written to database
row added
DT: 0.14 seconds elapsed
student predictions written to database
feature importances written to database
row added
DT: 0.14 seconds elapsed
student predictions written to database
feature importances written to database
row added
DT: 0.13 seconds elapsed
student predictions written to database
feature importances written to database
row added
RF: 2.9e+01 seconds elapsed
student predictions written to database
feature importances written to database
row added
RF: 2.8e+01 seconds elapsed
student predictions written to database
feature importances written to database
row added
RF: 2.8e+01 seconds elapsed
student predictions written to database
feature importances written to database
row added
RF: 2.5e+01 seconds elapsed
student predictions written to database
feature importances written to database
row added
RF: 2.8e+01 seconds elapsed
student predictions written to database
feature importances written to database
row added
RF: 2.8e+01 seconds elapsed
student predictions written to database
feature importances written to database
row added
RF: 2.4e+01 seconds elapsed
student predictions written to database
feature importances written to database
row added
RF: 2.2e+01 seconds elapsed
student predictions written to database
feature importances written to database
row added
RF: 2.5e+01 seconds elapsed
student predictions written to database
feature importances written to database
row added
RF: 2.4e+01 seconds elapsed
student predictions written to database
feature importances written to database
row added
RF: 2.3e+01 seconds elapsed
student predictions written to database
feature importances written to database
row added
RF: 2.3e+01 seconds elapsed
student predictions written to database
feature importances written to database
row added
RF: 2.4e+01 seconds elapsed
student predictions written to database
feature importances written to database
row added
RF: 2.4e+01 seconds elapsed
student predictions written to database
feature importances written to database
row added
RF: 2.3e+01 seconds elapsed
student predictions written to database
feature importances written to database
row added
RF: 2.5e+01 seconds elapsed
student predictions written to database
feature importances written to database
row added
ET: 2.6e+01 seconds elapsed
student predictions written to database
feature importances written to database
row added
ET: 2.5e+01 seconds elapsed
student predictions written to database
feature importances written to database
row added
ET: 2.4e+01 seconds elapsed
student predictions written to database
feature importances written to database
row added
ET: 2.5e+01 seconds elapsed
student predictions written to database
feature importances written to database
row added
ET: 2.5e+01 seconds elapsed
student predictions written to database
feature importances written to database
row added
ET: 2.5e+01 seconds elapsed
student predictions written to database
feature importances written to database
row added
ET: 2.4e+01 seconds elapsed
student predictions written to database
feature importances written to database
row added
ET: 2.5e+01 seconds elapsed
student predictions written to database
feature importances written to database
row added
ET: 2.7e+01 seconds elapsed
student predictions written to database
feature importances written to database
row added
ET: 2.6e+01 seconds elapsed
student predictions written to database
feature importances written to database
row added
ET: 2.5e+01 seconds elapsed
student predictions written to database
feature importances written to database
row added
ET: 2.4e+01 seconds elapsed
student predictions written to database
feature importances written to database
row added
ET: 2.6e+01 seconds elapsed
student predictions written to database
feature importances written to database
row added
ET: 2.6e+01 seconds elapsed
student predictions written to database
feature importances written to database
row added
ET: 2.4e+01 seconds elapsed
student predictions written to database
feature importances written to database
row added
ET: 2.5e+01 seconds elapsed
student predictions written to database
feature importances written to database
row added
SVM: 0.4 seconds elapsed
student predictions written to database
feature importances written to database
row added
SVM: 0.42 seconds elapsed
student predictions written to database
feature importances written to database
row added
SVM: 0.46 seconds elapsed
student predictions written to database
feature importances written to database
row added
SVM: 0.43 seconds elapsed
student predictions written to database
feature importances written to database
row added
GB: 1.7e+01 seconds elapsed
student predictions written to database
feature importances written to database
row added
GB: 1.2e+01 seconds elapsed
student predictions written to database
feature importances written to database
row added
GB: 4e+01 seconds elapsed
student predictions written to database
feature importances written to database
row added
GB: 3.5e+01 seconds elapsed
student predictions written to database
feature importances written to database
row added
GB: 1.6e+02 seconds elapsed
student predictions written to database
feature importances written to database
row added
GB: 1.3e+02 seconds elapsed
student predictions written to database
feature importances written to database
row added
GB: 2.5e+02 seconds elapsed
student predictions written to database
feature importances written to database
row added
GB: 1.3e+02 seconds elapsed
student predictions written to database
feature importances written to database
row added
GB: 1.7e+01 seconds elapsed
student predictions written to database
feature importances written to database
row added
GB: 1.2e+01 seconds elapsed
student predictions written to database
feature importances written to database
row added
GB: 4.4e+01 seconds elapsed
student predictions written to database
feature importances written to database
row added
GB: 4.2e+01 seconds elapsed
student predictions written to database
feature importances written to database
row added
GB: 1.2e+02 seconds elapsed
student predictions written to database
feature importances written to database
row added
GB: 8.4e+01 seconds elapsed
student predictions written to database
feature importances written to database
row added
GB: 1.4e+02 seconds elapsed
student predictions written to database
feature importances written to database
row added
GB: 8.2e+01 seconds elapsed
student predictions written to database
feature importances written to database
row added
GB: 1.6e+01 seconds elapsed
student predictions written to database
feature importances written to database
row added
GB: 1.3e+01 seconds elapsed
student predictions written to database
feature importances written to database
row added
GB: 4.3e+01 seconds elapsed
student predictions written to database
feature importances written to database
row added
GB: 3.6e+01 seconds elapsed
student predictions written to database
feature importances written to database
row added
GB: 5.1e+01 seconds elapsed
student predictions written to database
feature importances written to database
row added
GB: 2e+01 seconds elapsed
student predictions written to database
feature importances written to database
row added
GB: 5.4e+01 seconds elapsed
student predictions written to database
feature importances written to database
row added
GB: 2e+01 seconds elapsed
student predictions written to database
feature importances written to database
row added
GB: 1.7e+01 seconds elapsed
student predictions written to database
feature importances written to database
row added
GB: 1.2e+01 seconds elapsed
student predictions written to database
feature importances written to database
row added
GB: 2.6e+01 seconds elapsed
student predictions written to database
feature importances written to database
row added
GB: 2e+01 seconds elapsed
student predictions written to database
feature importances written to database
row added
GB: 2.9e+01 seconds elapsed
student predictions written to database
feature importances written to database
row added
GB: 1.1e+01 seconds elapsed
student predictions written to database
feature importances written to database
row added
GB: 2.9e+01 seconds elapsed
student predictions written to database
feature importances written to database
row added
GB: 1.1e+01 seconds elapsed
student predictions written to database
feature importances written to database
row added
GB: 1.6e+01 seconds elapsed
student predictions written to database
feature importances written to database
row added
GB: 1.3e+01 seconds elapsed
student predictions written to database
feature importances written to database
row added
GB: 3e+01 seconds elapsed
student predictions written to database
feature importances written to database
row added
GB: 1.1e+01 seconds elapsed
student predictions written to database
feature importances written to database
row added
GB: 3.7e+01 seconds elapsed
student predictions written to database
feature importances written to database
row added
GB: 4.5 seconds elapsed
student predictions written to database
feature importances written to database
row added
GB: 3.9e+01 seconds elapsed
student predictions written to database
feature importances written to database
row added
GB: 4.5 seconds elapsed
student predictions written to database
feature importances written to database
row added
clf_loop: 3.3e+03 seconds elapsed
param set 2 finished: run for 14490.219174861908 seconds so far
batch 08_09_2016_grade_6: 1.4e+04 seconds elapsed
